<?xml version="1.0" encoding="UTF-8"?>
<!-- Generated by org.testng.reporters.JUnitReportReporter -->
<testsuite hostname="LAPTOP-63SVBGG8" failures="0" tests="1" name="vtiger.practice.GitCommit" time="0.013" errors="0" timestamp="2022-09-19T20:41:43 IST" skipped="0">
  <testcase classname="vtiger.practice.GitCommit" name="myFirstComit" time="0.013"/>
  <system-out/>
</testsuite> <!-- vtiger.practice.GitCommit -->
